<?xml version="1.0" encoding="UTF-8"?>
<coverage generated="1666999849470" clover="3.2.0">
  <project timestamp="1666999849471" name="All files">
    <metrics statements="75" coveredstatements="75" conditionals="20" coveredconditionals="17" methods="13" coveredmethods="13" elements="108" coveredelements="105" complexity="0" loc="75" ncloc="75" packages="1" files="1" classes="1"/>
    <file name="linkedlist.js" path="C:\Users\Erick\Documents\CoreCourse\linkedList\linkedlist.js">
      <metrics statements="75" coveredstatements="75" conditionals="20" coveredconditionals="17" methods="13" coveredmethods="13"/>
      <line num="6" count="59" type="stmt"/>
      <line num="7" count="59" type="stmt"/>
      <line num="13" count="19" type="stmt"/>
      <line num="14" count="19" type="stmt"/>
      <line num="19" count="55" type="stmt"/>
      <line num="20" count="55" type="stmt"/>
      <line num="21" count="55" type="stmt"/>
      <line num="26" count="14" type="cond" truecount="4" falsecount="0"/>
      <line num="28" count="8" type="stmt"/>
      <line num="29" count="8" type="stmt"/>
      <line num="30" count="11" type="stmt"/>
      <line num="32" count="8" type="stmt"/>
      <line num="37" count="4" type="cond" truecount="2" falsecount="0"/>
      <line num="39" count="3" type="stmt"/>
      <line num="40" count="3" type="cond" truecount="2" falsecount="0"/>
      <line num="46" count="1" type="stmt"/>
      <line num="47" count="1" type="stmt"/>
      <line num="52" count="2" type="stmt"/>
      <line num="53" count="2" type="stmt"/>
      <line num="58" count="4" type="cond" truecount="2" falsecount="0"/>
      <line num="60" count="3" type="stmt"/>
      <line num="61" count="3" type="cond" truecount="2" falsecount="0"/>
      <line num="66" count="1" type="stmt"/>
      <line num="67" count="1" type="stmt"/>
      <line num="74" count="3" type="stmt"/>
      <line num="75" count="3" type="cond" truecount="1" falsecount="1"/>
      <line num="78" count="3" type="stmt"/>
      <line num="79" count="3" type="stmt"/>
      <line num="80" count="9" type="stmt"/>
      <line num="83" count="3" type="stmt"/>
      <line num="85" count="3" type="stmt"/>
      <line num="90" count="1" type="cond" truecount="1" falsecount="1"/>
      <line num="93" count="1" type="stmt"/>
      <line num="94" count="1" type="stmt"/>
      <line num="95" count="1" type="stmt"/>
      <line num="96" count="2" type="stmt"/>
      <line num="97" count="2" type="stmt"/>
      <line num="100" count="1" type="stmt"/>
      <line num="102" count="1" type="stmt"/>
      <line num="107" count="2" type="stmt"/>
      <line num="108" count="10" type="stmt"/>
      <line num="113" count="10" type="stmt"/>
      <line num="114" count="42" type="cond" truecount="2" falsecount="0"/>
      <line num="115" count="4" type="stmt"/>
      <line num="116" count="4" type="stmt"/>
      <line num="117" count="4" type="stmt"/>
      <line num="119" count="42" type="stmt"/>
      <line num="125" count="1" type="stmt"/>
      <line num="126" count="1" type="stmt"/>
      <line num="127" count="1" type="cond" truecount="1" falsecount="1"/>
      <line num="129" count="1" type="stmt"/>
      <line num="130" count="4" type="stmt"/>
      <line num="131" count="4" type="stmt"/>
      <line num="132" count="4" type="stmt"/>
      <line num="134" count="4" type="stmt"/>
      <line num="136" count="1" type="stmt"/>
      <line num="141" count="3" type="stmt"/>
      <line num="142" count="3" type="stmt"/>
      <line num="143" count="3" type="stmt"/>
      <line num="144" count="17" type="stmt"/>
      <line num="145" count="17" type="stmt"/>
      <line num="147" count="3" type="stmt"/>
      <line num="151" count="1" type="stmt"/>
      <line num="152" count="18" type="stmt"/>
      <line num="153" count="18" type="stmt"/>
      <line num="154" count="52" type="stmt"/>
      <line num="156" count="18" type="stmt"/>
      <line num="159" count="1" type="stmt"/>
      <line num="161" count="1" type="stmt"/>
      <line num="162" count="1" type="stmt"/>
      <line num="163" count="1" type="stmt"/>
      <line num="164" count="1" type="stmt"/>
      <line num="165" count="1" type="stmt"/>
      <line num="166" count="1" type="stmt"/>
      <line num="168" count="1" type="stmt"/>
    </file>
  </project>
</coverage>
