{"C:\\Users\\Erick\\Documents\\CoreCourse\\linkedList\\linkedlist.js": {"path":"C:\\Users\\Erick\\Documents\\CoreCourse\\linkedList\\linkedlist.js","statementMap":{"0":{"start":{"line":6,"column":8},"end":{"line":6,"column":25}},"1":{"start":{"line":7,"column":8},"end":{"line":7,"column":25}},"2":{"start":{"line":13,"column":8},"end":{"line":13,"column":25}},"3":{"start":{"line":14,"column":8},"end":{"line":14,"column":24}},"4":{"start":{"line":19,"column":24},"end":{"line":19,"column":53}},"5":{"start":{"line":20,"column":8},"end":{"line":20,"column":28}},"6":{"start":{"line":21,"column":8},"end":{"line":21,"column":22}},"7":{"start":{"line":26,"column":8},"end":{"line":26,"column":58}},"8":{"start":{"line":26,"column":46},"end":{"line":26,"column":58}},"9":{"start":{"line":28,"column":22},"end":{"line":28,"column":31}},"10":{"start":{"line":29,"column":8},"end":{"line":31,"column":9}},"11":{"start":{"line":29,"column":20},"end":{"line":29,"column":21}},"12":{"start":{"line":30,"column":12},"end":{"line":30,"column":35}},"13":{"start":{"line":32,"column":8},"end":{"line":32,"column":23}},"14":{"start":{"line":37,"column":8},"end":{"line":37,"column":55}},"15":{"start":{"line":37,"column":24},"end":{"line":37,"column":55}},"16":{"start":{"line":39,"column":25},"end":{"line":39,"column":51}},"17":{"start":{"line":40,"column":8},"end":{"line":40,"column":41}},"18":{"start":{"line":40,"column":29},"end":{"line":40,"column":41}},"19":{"start":{"line":46,"column":8},"end":{"line":46,"column":58}},"20":{"start":{"line":47,"column":8},"end":{"line":47,"column":22}},"21":{"start":{"line":52,"column":8},"end":{"line":52,"column":35}},"22":{"start":{"line":53,"column":8},"end":{"line":53,"column":22}},"23":{"start":{"line":58,"column":8},"end":{"line":58,"column":51}},"24":{"start":{"line":58,"column":24},"end":{"line":58,"column":51}},"25":{"start":{"line":60,"column":25},"end":{"line":60,"column":51}},"26":{"start":{"line":61,"column":8},"end":{"line":61,"column":41}},"27":{"start":{"line":61,"column":29},"end":{"line":61,"column":41}},"28":{"start":{"line":66,"column":8},"end":{"line":66,"column":43}},"29":{"start":{"line":67,"column":8},"end":{"line":67,"column":22}},"30":{"start":{"line":74,"column":24},"end":{"line":74,"column":48}},"31":{"start":{"line":75,"column":8},"end":{"line":75,"column":51}},"32":{"start":{"line":75,"column":31},"end":{"line":75,"column":51}},"33":{"start":{"line":78,"column":22},"end":{"line":78,"column":31}},"34":{"start":{"line":79,"column":8},"end":{"line":81,"column":9}},"35":{"start":{"line":80,"column":12},"end":{"line":80,"column":35}},"36":{"start":{"line":83,"column":8},"end":{"line":83,"column":31}},"37":{"start":{"line":85,"column":8},"end":{"line":85,"column":22}},"38":{"start":{"line":90,"column":8},"end":{"line":90,"column":38}},"39":{"start":{"line":90,"column":31},"end":{"line":90,"column":38}},"40":{"start":{"line":93,"column":22},"end":{"line":93,"column":31}},"41":{"start":{"line":94,"column":23},"end":{"line":94,"column":27}},"42":{"start":{"line":95,"column":8},"end":{"line":98,"column":9}},"43":{"start":{"line":96,"column":12},"end":{"line":96,"column":31}},"44":{"start":{"line":97,"column":12},"end":{"line":97,"column":35}},"45":{"start":{"line":100,"column":8},"end":{"line":100,"column":29}},"46":{"start":{"line":102,"column":8},"end":{"line":102,"column":22}},"47":{"start":{"line":107,"column":8},"end":{"line":121,"column":9}},"48":{"start":{"line":107,"column":20},"end":{"line":107,"column":21}},"49":{"start":{"line":108,"column":26},"end":{"line":108,"column":35}},"50":{"start":{"line":113,"column":12},"end":{"line":120,"column":13}},"51":{"start":{"line":114,"column":16},"end":{"line":118,"column":17}},"52":{"start":{"line":115,"column":20},"end":{"line":115,"column":40}},"53":{"start":{"line":116,"column":20},"end":{"line":116,"column":53}},"54":{"start":{"line":117,"column":20},"end":{"line":117,"column":45}},"55":{"start":{"line":119,"column":16},"end":{"line":119,"column":39}},"56":{"start":{"line":125,"column":23},"end":{"line":125,"column":27}},"57":{"start":{"line":126,"column":22},"end":{"line":126,"column":31}},"58":{"start":{"line":127,"column":8},"end":{"line":127,"column":35}},"59":{"start":{"line":127,"column":28},"end":{"line":127,"column":35}},"60":{"start":{"line":129,"column":8},"end":{"line":135,"column":9}},"61":{"start":{"line":130,"column":12},"end":{"line":130,"column":36}},"62":{"start":{"line":131,"column":12},"end":{"line":131,"column":36}},"63":{"start":{"line":132,"column":12},"end":{"line":132,"column":31}},"64":{"start":{"line":134,"column":12},"end":{"line":134,"column":31}},"65":{"start":{"line":136,"column":8},"end":{"line":136,"column":29}},"66":{"start":{"line":141,"column":21},"end":{"line":141,"column":23}},"67":{"start":{"line":142,"column":22},"end":{"line":142,"column":31}},"68":{"start":{"line":143,"column":8},"end":{"line":146,"column":9}},"69":{"start":{"line":144,"column":12},"end":{"line":144,"column":52}},"70":{"start":{"line":145,"column":12},"end":{"line":145,"column":35}},"71":{"start":{"line":147,"column":8},"end":{"line":147,"column":37}},"72":{"start":{"line":151,"column":0},"end":{"line":157,"column":1}},"73":{"start":{"line":152,"column":17},"end":{"line":152,"column":33}},"74":{"start":{"line":153,"column":4},"end":{"line":155,"column":5}},"75":{"start":{"line":153,"column":16},"end":{"line":153,"column":31}},"76":{"start":{"line":154,"column":8},"end":{"line":154,"column":35}},"77":{"start":{"line":156,"column":4},"end":{"line":156,"column":16}},"78":{"start":{"line":159,"column":13},"end":{"line":159,"column":48}},"79":{"start":{"line":161,"column":0},"end":{"line":161,"column":22}},"80":{"start":{"line":162,"column":0},"end":{"line":162,"column":13}},"81":{"start":{"line":163,"column":0},"end":{"line":163,"column":22}},"82":{"start":{"line":164,"column":0},"end":{"line":164,"column":13}},"83":{"start":{"line":165,"column":0},"end":{"line":165,"column":12}},"84":{"start":{"line":166,"column":0},"end":{"line":166,"column":13}},"85":{"start":{"line":168,"column":0},"end":{"line":168,"column":28}}},"fnMap":{"0":{"name":"(anonymous_0)","decl":{"start":{"line":5,"column":4},"end":{"line":5,"column":5}},"loc":{"start":{"line":5,"column":27},"end":{"line":8,"column":5}},"line":5},"1":{"name":"(anonymous_1)","decl":{"start":{"line":12,"column":4},"end":{"line":12,"column":5}},"loc":{"start":{"line":12,"column":17},"end":{"line":15,"column":5}},"line":12},"2":{"name":"(anonymous_2)","decl":{"start":{"line":18,"column":4},"end":{"line":18,"column":5}},"loc":{"start":{"line":18,"column":23},"end":{"line":22,"column":5}},"line":18},"3":{"name":"(anonymous_3)","decl":{"start":{"line":25,"column":4},"end":{"line":25,"column":5}},"loc":{"start":{"line":25,"column":22},"end":{"line":33,"column":5}},"line":25},"4":{"name":"(anonymous_4)","decl":{"start":{"line":36,"column":4},"end":{"line":36,"column":5}},"loc":{"start":{"line":36,"column":31},"end":{"line":48,"column":5}},"line":36},"5":{"name":"(anonymous_5)","decl":{"start":{"line":51,"column":4},"end":{"line":51,"column":5}},"loc":{"start":{"line":51,"column":19},"end":{"line":54,"column":5}},"line":51},"6":{"name":"(anonymous_6)","decl":{"start":{"line":57,"column":4},"end":{"line":57,"column":5}},"loc":{"start":{"line":57,"column":25},"end":{"line":68,"column":5}},"line":57},"7":{"name":"(anonymous_7)","decl":{"start":{"line":71,"column":4},"end":{"line":71,"column":5}},"loc":{"start":{"line":71,"column":23},"end":{"line":87,"column":5}},"line":71},"8":{"name":"(anonymous_8)","decl":{"start":{"line":89,"column":4},"end":{"line":89,"column":5}},"loc":{"start":{"line":89,"column":19},"end":{"line":103,"column":5}},"line":89},"9":{"name":"(anonymous_9)","decl":{"start":{"line":105,"column":5},"end":{"line":105,"column":6}},"loc":{"start":{"line":105,"column":12},"end":{"line":122,"column":5}},"line":105},"10":{"name":"(anonymous_10)","decl":{"start":{"line":124,"column":4},"end":{"line":124,"column":5}},"loc":{"start":{"line":124,"column":14},"end":{"line":137,"column":5}},"line":124},"11":{"name":"(anonymous_11)","decl":{"start":{"line":140,"column":4},"end":{"line":140,"column":5}},"loc":{"start":{"line":140,"column":12},"end":{"line":148,"column":5}},"line":140},"12":{"name":"(anonymous_12)","decl":{"start":{"line":151,"column":22},"end":{"line":151,"column":23}},"loc":{"start":{"line":151,"column":40},"end":{"line":157,"column":1}},"line":151}},"branchMap":{"0":{"loc":{"start":{"line":26,"column":8},"end":{"line":26,"column":58}},"type":"if","locations":[{"start":{"line":26,"column":8},"end":{"line":26,"column":58}},{"start":{},"end":{}}],"line":26},"1":{"loc":{"start":{"line":26,"column":11},"end":{"line":26,"column":44}},"type":"binary-expr","locations":[{"start":{"line":26,"column":11},"end":{"line":26,"column":20}},{"start":{"line":26,"column":24},"end":{"line":26,"column":44}}],"line":26},"2":{"loc":{"start":{"line":37,"column":8},"end":{"line":37,"column":55}},"type":"if","locations":[{"start":{"line":37,"column":8},"end":{"line":37,"column":55}},{"start":{},"end":{}}],"line":37},"3":{"loc":{"start":{"line":40,"column":8},"end":{"line":40,"column":41}},"type":"if","locations":[{"start":{"line":40,"column":8},"end":{"line":40,"column":41}},{"start":{},"end":{}}],"line":40},"4":{"loc":{"start":{"line":58,"column":8},"end":{"line":58,"column":51}},"type":"if","locations":[{"start":{"line":58,"column":8},"end":{"line":58,"column":51}},{"start":{},"end":{}}],"line":58},"5":{"loc":{"start":{"line":61,"column":8},"end":{"line":61,"column":41}},"type":"if","locations":[{"start":{"line":61,"column":8},"end":{"line":61,"column":41}},{"start":{},"end":{}}],"line":61},"6":{"loc":{"start":{"line":75,"column":8},"end":{"line":75,"column":51}},"type":"if","locations":[{"start":{"line":75,"column":8},"end":{"line":75,"column":51}},{"start":{},"end":{}}],"line":75},"7":{"loc":{"start":{"line":90,"column":8},"end":{"line":90,"column":38}},"type":"if","locations":[{"start":{"line":90,"column":8},"end":{"line":90,"column":38}},{"start":{},"end":{}}],"line":90},"8":{"loc":{"start":{"line":114,"column":16},"end":{"line":118,"column":17}},"type":"if","locations":[{"start":{"line":114,"column":16},"end":{"line":118,"column":17}},{"start":{},"end":{}}],"line":114},"9":{"loc":{"start":{"line":127,"column":8},"end":{"line":127,"column":35}},"type":"if","locations":[{"start":{"line":127,"column":8},"end":{"line":127,"column":35}},{"start":{},"end":{}}],"line":127}},"s":{"0":59,"1":59,"2":19,"3":19,"4":55,"5":55,"6":55,"7":14,"8":6,"9":8,"10":8,"11":8,"12":11,"13":8,"14":4,"15":1,"16":3,"17":3,"18":2,"19":1,"20":1,"21":2,"22":2,"23":4,"24":1,"25":3,"26":3,"27":2,"28":1,"29":1,"30":3,"31":3,"32":0,"33":3,"34":3,"35":9,"36":3,"37":3,"38":1,"39":0,"40":1,"41":1,"42":1,"43":2,"44":2,"45":1,"46":1,"47":2,"48":2,"49":10,"50":10,"51":42,"52":4,"53":4,"54":4,"55":42,"56":1,"57":1,"58":1,"59":0,"60":1,"61":4,"62":4,"63":4,"64":4,"65":1,"66":3,"67":3,"68":3,"69":17,"70":17,"71":3,"72":1,"73":18,"74":18,"75":18,"76":52,"77":18,"78":1,"79":1,"80":1,"81":1,"82":1,"83":1,"84":1,"85":1},"f":{"0":59,"1":19,"2":55,"3":14,"4":4,"5":2,"6":4,"7":3,"8":1,"9":2,"10":1,"11":3,"12":18},"b":{"0":[6,8],"1":[14,11],"2":[1,3],"3":[2,1],"4":[1,3],"5":[2,1],"6":[0,3],"7":[0,1],"8":[4,38],"9":[0,1]},"_coverageSchema":"1a1c01bbd47fc00a2c39e90264f33305004495a9","hash":"466ba36595b2f71592ad1fb5bf163016002972e5"}
}
