TN:
SF:linkedlist.js
FN:5,(anonymous_0)
FN:12,(anonymous_1)
FN:18,(anonymous_2)
FN:25,(anonymous_3)
FN:36,(anonymous_4)
FN:51,(anonymous_5)
FN:57,(anonymous_6)
FN:71,(anonymous_7)
FN:89,(anonymous_8)
FN:105,(anonymous_9)
FN:124,(anonymous_10)
FN:140,(anonymous_11)
FN:151,(anonymous_12)
FNF:13
FNH:13
FNDA:59,(anonymous_0)
FNDA:19,(anonymous_1)
FNDA:55,(anonymous_2)
FNDA:14,(anonymous_3)
FNDA:4,(anonymous_4)
FNDA:2,(anonymous_5)
FNDA:4,(anonymous_6)
FNDA:3,(anonymous_7)
FNDA:1,(anonymous_8)
FNDA:2,(anonymous_9)
FNDA:1,(anonymous_10)
FNDA:3,(anonymous_11)
FNDA:18,(anonymous_12)
DA:6,59
DA:7,59
DA:13,19
DA:14,19
DA:19,55
DA:20,55
DA:21,55
DA:26,14
DA:28,8
DA:29,8
DA:30,11
DA:32,8
DA:37,4
DA:39,3
DA:40,3
DA:46,1
DA:47,1
DA:52,2
DA:53,2
DA:58,4
DA:60,3
DA:61,3
DA:66,1
DA:67,1
DA:74,3
DA:75,3
DA:78,3
DA:79,3
DA:80,9
DA:83,3
DA:85,3
DA:90,1
DA:93,1
DA:94,1
DA:95,1
DA:96,2
DA:97,2
DA:100,1
DA:102,1
DA:107,2
DA:108,10
DA:113,10
DA:114,42
DA:115,4
DA:116,4
DA:117,4
DA:119,42
DA:125,1
DA:126,1
DA:127,1
DA:129,1
DA:130,4
DA:131,4
DA:132,4
DA:134,4
DA:136,1
DA:141,3
DA:142,3
DA:143,3
DA:144,17
DA:145,17
DA:147,3
DA:151,1
DA:152,18
DA:153,18
DA:154,52
DA:156,18
DA:159,1
DA:161,1
DA:162,1
DA:163,1
DA:164,1
DA:165,1
DA:166,1
DA:168,1
LF:75
LH:75
BRDA:26,0,0,6
BRDA:26,0,1,8
BRDA:26,1,0,14
BRDA:26,1,1,11
BRDA:37,2,0,1
BRDA:37,2,1,3
BRDA:40,3,0,2
BRDA:40,3,1,1
BRDA:58,4,0,1
BRDA:58,4,1,3
BRDA:61,5,0,2
BRDA:61,5,1,1
BRDA:75,6,0,0
BRDA:75,6,1,3
BRDA:90,7,0,0
BRDA:90,7,1,1
BRDA:114,8,0,4
BRDA:114,8,1,38
BRDA:127,9,0,0
BRDA:127,9,1,1
BRF:20
BRH:17
end_of_record
